0 info it worked if it ends with ok
1 verbose cli [ '/Users/MartinGao/.nvm/versions/node/v5.7.1/bin/node',
1 verbose cli   '/Users/MartinGao/.nvm/versions/node/v5.7.1/bin/npm',
1 verbose cli   'run',
1 verbose cli   'test' ]
2 info using npm@3.6.0
3 info using node@v5.7.1
4 verbose run-script [ 'pretest', 'test', 'posttest' ]
5 info lifecycle cse112-server-team8@1.0.0~pretest: cse112-server-team8@1.0.0
6 silly lifecycle cse112-server-team8@1.0.0~pretest: no script for pretest, continuing
7 info lifecycle cse112-server-team8@1.0.0~test: cse112-server-team8@1.0.0
8 verbose lifecycle cse112-server-team8@1.0.0~test: unsafe-perm in lifecycle true
9 verbose lifecycle cse112-server-team8@1.0.0~test: PATH: /Users/MartinGao/.nvm/versions/node/v5.7.1/lib/node_modules/npm/bin/node-gyp-bin:/Users/MartinGao/Documents/Project/cse112-server/node_modules/.bin:/Users/MartinGao/.nvm/versions/node/v5.7.1/bin:/usr/local/bin:/usr/bin:/bin:/usr/sbin:/sbin
10 verbose lifecycle cse112-server-team8@1.0.0~test: CWD: /Users/MartinGao/Documents/Project/cse112-server
11 silly lifecycle cse112-server-team8@1.0.0~test: Args: [ '-c', 'mocha --require babel-core/register' ]
12 silly lifecycle cse112-server-team8@1.0.0~test: Returned: code: 8  signal: null
13 info lifecycle cse112-server-team8@1.0.0~test: Failed to exec test script
14 verbose stack Error: cse112-server-team8@1.0.0 test: `mocha --require babel-core/register`
14 verbose stack Exit status 8
14 verbose stack     at EventEmitter.<anonymous> (/Users/MartinGao/.nvm/versions/node/v5.7.1/lib/node_modules/npm/lib/utils/lifecycle.js:232:16)
14 verbose stack     at emitTwo (events.js:100:13)
14 verbose stack     at EventEmitter.emit (events.js:185:7)
14 verbose stack     at ChildProcess.<anonymous> (/Users/MartinGao/.nvm/versions/node/v5.7.1/lib/node_modules/npm/lib/utils/spawn.js:24:14)
14 verbose stack     at emitTwo (events.js:100:13)
14 verbose stack     at ChildProcess.emit (events.js:185:7)
14 verbose stack     at maybeClose (internal/child_process.js:827:16)
14 verbose stack     at Process.ChildProcess._handle.onexit (internal/child_process.js:211:5)
15 verbose pkgid cse112-server-team8@1.0.0
16 verbose cwd /Users/MartinGao/Documents/Project/cse112-server
17 error Darwin 15.3.0
18 error argv "/Users/MartinGao/.nvm/versions/node/v5.7.1/bin/node" "/Users/MartinGao/.nvm/versions/node/v5.7.1/bin/npm" "run" "test"
19 error node v5.7.1
20 error npm  v3.6.0
21 error code ELIFECYCLE
22 error cse112-server-team8@1.0.0 test: `mocha --require babel-core/register`
22 error Exit status 8
23 error Failed at the cse112-server-team8@1.0.0 test script 'mocha --require babel-core/register'.
23 error Make sure you have the latest version of node.js and npm installed.
23 error If you do, this is most likely a problem with the cse112-server-team8 package,
23 error not with npm itself.
23 error Tell the author that this fails on your system:
23 error     mocha --require babel-core/register
23 error You can get information on how to open an issue for this project with:
23 error     npm bugs cse112-server-team8
23 error Or if that isn't available, you can get their info via:
23 error     npm owner ls cse112-server-team8
23 error There is likely additional logging output above.
24 verbose exit [ 1, true ]
